Started GET "/" for 127.0.0.1 at 2024-10-28 14:38:53 -0500
  [1m[35m (2.8ms)[0m  [1m[35mCREATE TABLE "schema_migrations" ("version" varchar NOT NULL PRIMARY KEY)[0m
  [1m[35m (0.2ms)[0m  [1m[35mCREATE TABLE "ar_internal_metadata" ("key" varchar NOT NULL PRIMARY KEY, "value" varchar, "created_at" datetime(6) NOT NULL, "updated_at" datetime(6) NOT NULL)[0m
  [1m[36mActiveRecord::SchemaMigration Load (0.2ms)[0m  [1m[34mSELECT "schema_migrations"."version" FROM "schema_migrations" ORDER BY "schema_migrations"."version" ASC[0m
Processing by Rails::WelcomeController#index as HTML
  Rendering /home/jeferson/.rbenv/versions/3.1.2/lib/ruby/gems/3.1.0/gems/railties-7.1.4.2/lib/rails/templates/rails/welcome/index.html.erb
  Rendered /home/jeferson/.rbenv/versions/3.1.2/lib/ruby/gems/3.1.0/gems/railties-7.1.4.2/lib/rails/templates/rails/welcome/index.html.erb (Duration: 0.7ms | Allocations: 385)
Completed 200 OK in 74ms (Views: 17.7ms | ActiveRecord: 0.0ms | Allocations: 7512)


  [1m[36mActiveRecord::InternalMetadata Load (0.1ms)[0m  [1m[34mSELECT * FROM "ar_internal_metadata" WHERE "ar_internal_metadata"."key" = ? ORDER BY "ar_internal_metadata"."key" ASC LIMIT 1[0m  [[nil, "environment"]]
  [1m[36mActiveRecord::InternalMetadata Create (2.0ms)[0m  [1m[32mINSERT INTO "ar_internal_metadata" ("key", "value", "created_at", "updated_at") VALUES ('environment', 'development', '2024-10-28 19:42:16.356367', '2024-10-28 19:42:16.356370') RETURNING "key"[0m
  [1m[36mActiveRecord::SchemaMigration Load (0.1ms)[0m  [1m[34mSELECT "schema_migrations"."version" FROM "schema_migrations" ORDER BY "schema_migrations"."version" ASC[0m
Migrating to DeviseCreateUsers (20241028194154)
  [1m[36mTRANSACTION (0.0ms)[0m  [1m[36mbegin transaction[0m
  [1m[35m (1.3ms)[0m  [1m[35mCREATE TABLE "users" ("id" integer PRIMARY KEY AUTOINCREMENT NOT NULL, "email" varchar DEFAULT '' NOT NULL, "encrypted_password" varchar DEFAULT '' NOT NULL, "reset_password_token" varchar, "reset_password_sent_at" datetime(6), "remember_created_at" datetime(6), "created_at" datetime(6) NOT NULL, "updated_at" datetime(6) NOT NULL)[0m
  [1m[35m (0.1ms)[0m  [1m[35mCREATE UNIQUE INDEX "index_users_on_email" ON "users" ("email")[0m
  [1m[35m (0.0ms)[0m  [1m[35mCREATE UNIQUE INDEX "index_users_on_reset_password_token" ON "users" ("reset_password_token")[0m
  [1m[36mActiveRecord::SchemaMigration Create (0.2ms)[0m  [1m[32mINSERT INTO "schema_migrations" ("version") VALUES ('20241028194154') RETURNING "version"[0m
  [1m[36mTRANSACTION (0.1ms)[0m  [1m[36mcommit transaction[0m
  [1m[36mActiveRecord::SchemaMigration Load (0.0ms)[0m  [1m[34mSELECT "schema_migrations"."version" FROM "schema_migrations" ORDER BY "schema_migrations"."version" ASC[0m
Started GET "/" for 127.0.0.1 at 2024-10-28 14:42:24 -0500
  [1m[36mActiveRecord::SchemaMigration Load (0.1ms)[0m  [1m[34mSELECT "schema_migrations"."version" FROM "schema_migrations" ORDER BY "schema_migrations"."version" ASC[0m
Processing by Rails::WelcomeController#index as HTML
  Rendering /home/jeferson/.rbenv/versions/3.1.2/lib/ruby/gems/3.1.0/gems/railties-7.1.4.2/lib/rails/templates/rails/welcome/index.html.erb
  Rendered /home/jeferson/.rbenv/versions/3.1.2/lib/ruby/gems/3.1.0/gems/railties-7.1.4.2/lib/rails/templates/rails/welcome/index.html.erb (Duration: 0.6ms | Allocations: 383)
Completed 200 OK in 158ms (Views: 13.4ms | ActiveRecord: 0.0ms | Allocations: 5636)


Started GET "/users/sign_in." for 127.0.0.1 at 2024-10-28 14:42:39 -0500
  
ActionController::RoutingError (No route matches [GET] "/users/sign_in."):
  
Started GET "/users/sign_in" for 127.0.0.1 at 2024-10-28 14:42:45 -0500
Processing by Devise::SessionsController#new as HTML
  Rendering layout layouts/application.html.erb
  Rendering /home/jeferson/.rbenv/versions/3.1.2/lib/ruby/gems/3.1.0/gems/devise-4.9.4/app/views/devise/sessions/new.html.erb within layouts/application
  Rendered /home/jeferson/.rbenv/versions/3.1.2/lib/ruby/gems/3.1.0/gems/devise-4.9.4/app/views/devise/shared/_links.html.erb (Duration: 1.1ms | Allocations: 613)
  Rendered /home/jeferson/.rbenv/versions/3.1.2/lib/ruby/gems/3.1.0/gems/devise-4.9.4/app/views/devise/sessions/new.html.erb within layouts/application (Duration: 74.0ms | Allocations: 4290)
  Rendered layout layouts/application.html.erb (Duration: 980.2ms | Allocations: 95277)
Completed 200 OK in 1037ms (Views: 983.6ms | ActiveRecord: 3.5ms | Allocations: 105670)


  
ActiveRecord::PendingMigrationError (

Migrations are pending. To resolve this issue, run:

        bin/rails db:migrate

You have 1 pending migration:

db/migrate/20241030005559_create_posts.rb


):
  
activerecord (7.1.4.2) lib/active_record/migration.rb:755:in `check_pending_migrations'
activerecord (7.1.4.2) lib/active_record/migration.rb:644:in `block (2 levels) in call'
activesupport (7.1.4.2) lib/active_support/file_update_checker.rb:85:in `execute'
activerecord (7.1.4.2) lib/active_record/migration.rb:649:in `block in call'
activerecord (7.1.4.2) lib/active_record/migration.rb:641:in `synchronize'
activerecord (7.1.4.2) lib/active_record/migration.rb:641:in `call'
actionpack (7.1.4.2) lib/action_dispatch/middleware/callbacks.rb:29:in `block in call'
activesupport (7.1.4.2) lib/active_support/callbacks.rb:101:in `run_callbacks'
actionpack (7.1.4.2) lib/action_dispatch/middleware/callbacks.rb:28:in `call'
actionpack (7.1.4.2) lib/action_dispatch/middleware/executor.rb:14:in `call'
actionpack (7.1.4.2) lib/action_dispatch/middleware/actionable_exceptions.rb:16:in `call'
actionpack (7.1.4.2) lib/action_dispatch/middleware/debug_exceptions.rb:29:in `call'
web-console (4.2.1) lib/web_console/middleware.rb:132:in `call_app'
web-console (4.2.1) lib/web_console/middleware.rb:28:in `block in call'
web-console (4.2.1) lib/web_console/middleware.rb:17:in `catch'
web-console (4.2.1) lib/web_console/middleware.rb:17:in `call'
actionpack (7.1.4.2) lib/action_dispatch/middleware/show_exceptions.rb:31:in `call'
railties (7.1.4.2) lib/rails/rack/logger.rb:37:in `call_app'
railties (7.1.4.2) lib/rails/rack/logger.rb:24:in `block in call'
activesupport (7.1.4.2) lib/active_support/tagged_logging.rb:139:in `block in tagged'
activesupport (7.1.4.2) lib/active_support/tagged_logging.rb:39:in `tagged'
activesupport (7.1.4.2) lib/active_support/tagged_logging.rb:139:in `tagged'
activesupport (7.1.4.2) lib/active_support/broadcast_logger.rb:241:in `method_missing'
railties (7.1.4.2) lib/rails/rack/logger.rb:24:in `call'
sprockets-rails (3.5.2) lib/sprockets/rails/quiet_assets.rb:15:in `block in call'
activesupport (7.1.4.2) lib/active_support/logger_silence.rb:18:in `block in silence'
activesupport (7.1.4.2) lib/active_support/logger_thread_safe_level.rb:45:in `log_at'
activesupport (7.1.4.2) lib/active_support/logger_silence.rb:18:in `silence'
sprockets-rails (3.5.2) lib/sprockets/rails/quiet_assets.rb:15:in `call'
actionpack (7.1.4.2) lib/action_dispatch/middleware/remote_ip.rb:92:in `call'
actionpack (7.1.4.2) lib/action_dispatch/middleware/request_id.rb:28:in `call'
rack (3.1.8) lib/rack/method_override.rb:28:in `call'
rack (3.1.8) lib/rack/runtime.rb:24:in `call'
activesupport (7.1.4.2) lib/active_support/cache/strategy/local_cache_middleware.rb:29:in `call'
actionpack (7.1.4.2) lib/action_dispatch/middleware/server_timing.rb:59:in `block in call'
actionpack (7.1.4.2) lib/action_dispatch/middleware/server_timing.rb:24:in `collect_events'
actionpack (7.1.4.2) lib/action_dispatch/middleware/server_timing.rb:58:in `call'
actionpack (7.1.4.2) lib/action_dispatch/middleware/executor.rb:14:in `call'
actionpack (7.1.4.2) lib/action_dispatch/middleware/static.rb:25:in `call'
rack (3.1.8) lib/rack/sendfile.rb:114:in `call'
actionpack (7.1.4.2) lib/action_dispatch/middleware/host_authorization.rb:141:in `call'
railties (7.1.4.2) lib/rails/engine.rb:536:in `call'
puma (6.4.3) lib/puma/configuration.rb:272:in `call'
puma (6.4.3) lib/puma/request.rb:100:in `block in handle_request'
puma (6.4.3) lib/puma/thread_pool.rb:378:in `with_force_shutdown'
puma (6.4.3) lib/puma/request.rb:99:in `handle_request'
puma (6.4.3) lib/puma/server.rb:464:in `process_client'
puma (6.4.3) lib/puma/server.rb:245:in `block in run'
puma (6.4.3) lib/puma/thread_pool.rb:155:in `block in spawn_thread'
Started GET "/users/sign_in" for 127.0.0.1 at 2024-10-29 20:03:28 -0500
  [1m[36mActiveRecord::SchemaMigration Load (0.0ms)[0m  [1m[34mSELECT "schema_migrations"."version" FROM "schema_migrations" ORDER BY "schema_migrations"."version" ASC[0m
  
ActiveRecord::PendingMigrationError (

Migrations are pending. To resolve this issue, run:

        bin/rails db:migrate

You have 1 pending migration:

db/migrate/20241030005559_create_posts.rb


):
  
activerecord (7.1.4.2) lib/active_record/migration.rb:755:in `check_pending_migrations'
activerecord (7.1.4.2) lib/active_record/migration.rb:644:in `block (2 levels) in call'
activesupport (7.1.4.2) lib/active_support/file_update_checker.rb:85:in `execute'
activerecord (7.1.4.2) lib/active_record/migration.rb:649:in `block in call'
activerecord (7.1.4.2) lib/active_record/migration.rb:641:in `synchronize'
activerecord (7.1.4.2) lib/active_record/migration.rb:641:in `call'
actionpack (7.1.4.2) lib/action_dispatch/middleware/callbacks.rb:29:in `block in call'
activesupport (7.1.4.2) lib/active_support/callbacks.rb:101:in `run_callbacks'
actionpack (7.1.4.2) lib/action_dispatch/middleware/callbacks.rb:28:in `call'
actionpack (7.1.4.2) lib/action_dispatch/middleware/executor.rb:14:in `call'
actionpack (7.1.4.2) lib/action_dispatch/middleware/actionable_exceptions.rb:16:in `call'
actionpack (7.1.4.2) lib/action_dispatch/middleware/debug_exceptions.rb:29:in `call'
web-console (4.2.1) lib/web_console/middleware.rb:132:in `call_app'
web-console (4.2.1) lib/web_console/middleware.rb:28:in `block in call'
web-console (4.2.1) lib/web_console/middleware.rb:17:in `catch'
web-console (4.2.1) lib/web_console/middleware.rb:17:in `call'
actionpack (7.1.4.2) lib/action_dispatch/middleware/show_exceptions.rb:31:in `call'
railties (7.1.4.2) lib/rails/rack/logger.rb:37:in `call_app'
railties (7.1.4.2) lib/rails/rack/logger.rb:24:in `block in call'
activesupport (7.1.4.2) lib/active_support/tagged_logging.rb:139:in `block in tagged'
activesupport (7.1.4.2) lib/active_support/tagged_logging.rb:39:in `tagged'
activesupport (7.1.4.2) lib/active_support/tagged_logging.rb:139:in `tagged'
activesupport (7.1.4.2) lib/active_support/broadcast_logger.rb:241:in `method_missing'
railties (7.1.4.2) lib/rails/rack/logger.rb:24:in `call'
sprockets-rails (3.5.2) lib/sprockets/rails/quiet_assets.rb:17:in `call'
actionpack (7.1.4.2) lib/action_dispatch/middleware/remote_ip.rb:92:in `call'
actionpack (7.1.4.2) lib/action_dispatch/middleware/request_id.rb:28:in `call'
rack (3.1.8) lib/rack/method_override.rb:28:in `call'
rack (3.1.8) lib/rack/runtime.rb:24:in `call'
activesupport (7.1.4.2) lib/active_support/cache/strategy/local_cache_middleware.rb:29:in `call'
actionpack (7.1.4.2) lib/action_dispatch/middleware/server_timing.rb:59:in `block in call'
actionpack (7.1.4.2) lib/action_dispatch/middleware/server_timing.rb:24:in `collect_events'
actionpack (7.1.4.2) lib/action_dispatch/middleware/server_timing.rb:58:in `call'
actionpack (7.1.4.2) lib/action_dispatch/middleware/executor.rb:14:in `call'
actionpack (7.1.4.2) lib/action_dispatch/middleware/static.rb:25:in `call'
rack (3.1.8) lib/rack/sendfile.rb:114:in `call'
actionpack (7.1.4.2) lib/action_dispatch/middleware/host_authorization.rb:141:in `call'
railties (7.1.4.2) lib/rails/engine.rb:536:in `call'
puma (6.4.3) lib/puma/configuration.rb:272:in `call'
puma (6.4.3) lib/puma/request.rb:100:in `block in handle_request'
puma (6.4.3) lib/puma/thread_pool.rb:378:in `with_force_shutdown'
puma (6.4.3) lib/puma/request.rb:99:in `handle_request'
puma (6.4.3) lib/puma/server.rb:464:in `process_client'
puma (6.4.3) lib/puma/server.rb:245:in `block in run'
puma (6.4.3) lib/puma/thread_pool.rb:155:in `block in spawn_thread'
  [1m[36mActiveRecord::InternalMetadata Load (8.6ms)[0m  [1m[34mSELECT * FROM "ar_internal_metadata" WHERE "ar_internal_metadata"."key" = ? ORDER BY "ar_internal_metadata"."key" ASC LIMIT 1[0m  [[nil, "environment"]]
  [1m[36mActiveRecord::SchemaMigration Load (0.1ms)[0m  [1m[34mSELECT "schema_migrations"."version" FROM "schema_migrations" ORDER BY "schema_migrations"."version" ASC[0m
Migrating to CreatePosts (20241030005559)
  [1m[36mTRANSACTION (0.1ms)[0m  [1m[36mbegin transaction[0m
  [1m[35m (0.8ms)[0m  [1m[35mCREATE TABLE "posts" ("id" integer PRIMARY KEY AUTOINCREMENT NOT NULL, "description" text, "created_at" datetime(6) NOT NULL, "updated_at" datetime(6) NOT NULL)[0m
  [1m[36mActiveRecord::SchemaMigration Create (0.1ms)[0m  [1m[32mINSERT INTO "schema_migrations" ("version") VALUES ('20241030005559') RETURNING "version"[0m
  [1m[36mTRANSACTION (3.4ms)[0m  [1m[36mcommit transaction[0m
  [1m[36mActiveRecord::SchemaMigration Load (0.0ms)[0m  [1m[34mSELECT "schema_migrations"."version" FROM "schema_migrations" ORDER BY "schema_migrations"."version" ASC[0m
Started GET "/" for 127.0.0.1 at 2024-10-29 20:04:08 -0500
  [1m[36mActiveRecord::SchemaMigration Load (0.1ms)[0m  [1m[34mSELECT "schema_migrations"."version" FROM "schema_migrations" ORDER BY "schema_migrations"."version" ASC[0m
Processing by Rails::WelcomeController#index as HTML
  Rendering /home/jeferson/.rbenv/versions/3.1.2/lib/ruby/gems/3.1.0/gems/railties-7.1.4.2/lib/rails/templates/rails/welcome/index.html.erb
  Rendered /home/jeferson/.rbenv/versions/3.1.2/lib/ruby/gems/3.1.0/gems/railties-7.1.4.2/lib/rails/templates/rails/welcome/index.html.erb (Duration: 40.7ms | Allocations: 383)
Completed 200 OK in 283ms (Views: 200.7ms | ActiveRecord: 0.0ms | Allocations: 4786)


Started GET "/users/sign_in" for 127.0.0.1 at 2024-10-29 20:04:40 -0500
Processing by Devise::SessionsController#new as HTML
  Rendering layout layouts/application.html.erb
  Rendering /home/jeferson/.rbenv/versions/3.1.2/lib/ruby/gems/3.1.0/gems/devise-4.9.4/app/views/devise/sessions/new.html.erb within layouts/application
  Rendered /home/jeferson/.rbenv/versions/3.1.2/lib/ruby/gems/3.1.0/gems/devise-4.9.4/app/views/devise/shared/_links.html.erb (Duration: 5.9ms | Allocations: 621)
  Rendered /home/jeferson/.rbenv/versions/3.1.2/lib/ruby/gems/3.1.0/gems/devise-4.9.4/app/views/devise/sessions/new.html.erb within layouts/application (Duration: 25.3ms | Allocations: 3819)
  Rendered layout layouts/application.html.erb (Duration: 693.4ms | Allocations: 104317)
Completed 200 OK in 797ms (Views: 703.9ms | ActiveRecord: 3.0ms | Allocations: 114456)


Started GET "/users/password/new" for 127.0.0.1 at 2024-10-29 20:05:11 -0500
Processing by Devise::PasswordsController#new as HTML
  Rendering layout layouts/application.html.erb
  Rendering /home/jeferson/.rbenv/versions/3.1.2/lib/ruby/gems/3.1.0/gems/devise-4.9.4/app/views/devise/passwords/new.html.erb within layouts/application
  Rendered /home/jeferson/.rbenv/versions/3.1.2/lib/ruby/gems/3.1.0/gems/devise-4.9.4/app/views/devise/shared/_error_messages.html.erb (Duration: 3.8ms | Allocations: 208)
  Rendered /home/jeferson/.rbenv/versions/3.1.2/lib/ruby/gems/3.1.0/gems/devise-4.9.4/app/views/devise/shared/_links.html.erb (Duration: 1.2ms | Allocations: 133)
  Rendered /home/jeferson/.rbenv/versions/3.1.2/lib/ruby/gems/3.1.0/gems/devise-4.9.4/app/views/devise/passwords/new.html.erb within layouts/application (Duration: 22.1ms | Allocations: 1343)
  Rendered layout layouts/application.html.erb (Duration: 25.3ms | Allocations: 2697)
Completed 200 OK in 198ms (Views: 31.5ms | ActiveRecord: 0.0ms | Allocations: 5852)


Started GET "/users/sign_up" for 127.0.0.1 at 2024-10-29 20:05:11 -0500
Processing by Devise::RegistrationsController#new as HTML
  Rendering layout layouts/application.html.erb
  Rendering /home/jeferson/.rbenv/versions/3.1.2/lib/ruby/gems/3.1.0/gems/devise-4.9.4/app/views/devise/registrations/new.html.erb within layouts/application
  Rendered /home/jeferson/.rbenv/versions/3.1.2/lib/ruby/gems/3.1.0/gems/devise-4.9.4/app/views/devise/shared/_error_messages.html.erb (Duration: 0.1ms | Allocations: 17)
  Rendered /home/jeferson/.rbenv/versions/3.1.2/lib/ruby/gems/3.1.0/gems/devise-4.9.4/app/views/devise/shared/_links.html.erb (Duration: 0.3ms | Allocations: 81)
  Rendered /home/jeferson/.rbenv/versions/3.1.2/lib/ruby/gems/3.1.0/gems/devise-4.9.4/app/views/devise/registrations/new.html.erb within layouts/application (Duration: 4.9ms | Allocations: 1478)
  Rendered layout layouts/application.html.erb (Duration: 15.2ms | Allocations: 2823)
Completed 200 OK in 26ms (Views: 25.1ms | ActiveRecord: 0.0ms | Allocations: 3991)


Started GET "/users/password/new" for 127.0.0.1 at 2024-10-29 20:05:13 -0500
Processing by Devise::PasswordsController#new as HTML
  Rendering layout layouts/application.html.erb
  Rendering /home/jeferson/.rbenv/versions/3.1.2/lib/ruby/gems/3.1.0/gems/devise-4.9.4/app/views/devise/passwords/new.html.erb within layouts/application
  Rendered /home/jeferson/.rbenv/versions/3.1.2/lib/ruby/gems/3.1.0/gems/devise-4.9.4/app/views/devise/shared/_error_messages.html.erb (Duration: 0.0ms | Allocations: 13)
  Rendered /home/jeferson/.rbenv/versions/3.1.2/lib/ruby/gems/3.1.0/gems/devise-4.9.4/app/views/devise/shared/_links.html.erb (Duration: 0.2ms | Allocations: 116)
  Rendered /home/jeferson/.rbenv/versions/3.1.2/lib/ruby/gems/3.1.0/gems/devise-4.9.4/app/views/devise/passwords/new.html.erb within layouts/application (Duration: 15.2ms | Allocations: 624)
  Rendered layout layouts/application.html.erb (Duration: 18.7ms | Allocations: 1857)
Completed 200 OK in 20ms (Views: 19.6ms | ActiveRecord: 0.0ms | Allocations: 2400)


Started GET "/users/password/new" for 127.0.0.1 at 2024-10-29 20:05:15 -0500
Processing by Devise::PasswordsController#new as HTML
  Rendering layout layouts/application.html.erb
  Rendering /home/jeferson/.rbenv/versions/3.1.2/lib/ruby/gems/3.1.0/gems/devise-4.9.4/app/views/devise/passwords/new.html.erb within layouts/application
  Rendered /home/jeferson/.rbenv/versions/3.1.2/lib/ruby/gems/3.1.0/gems/devise-4.9.4/app/views/devise/shared/_error_messages.html.erb (Duration: 0.0ms | Allocations: 13)
  Rendered /home/jeferson/.rbenv/versions/3.1.2/lib/ruby/gems/3.1.0/gems/devise-4.9.4/app/views/devise/shared/_links.html.erb (Duration: 0.2ms | Allocations: 116)
  Rendered /home/jeferson/.rbenv/versions/3.1.2/lib/ruby/gems/3.1.0/gems/devise-4.9.4/app/views/devise/passwords/new.html.erb within layouts/application (Duration: 1.6ms | Allocations: 624)
  Rendered layout layouts/application.html.erb (Duration: 7.9ms | Allocations: 1857)
Completed 200 OK in 11ms (Views: 10.1ms | ActiveRecord: 0.0ms | Allocations: 2411)


Started GET "/users/sign_up" for 127.0.0.1 at 2024-10-29 20:05:15 -0500
Processing by Devise::RegistrationsController#new as HTML
  Rendering layout layouts/application.html.erb
  Rendering /home/jeferson/.rbenv/versions/3.1.2/lib/ruby/gems/3.1.0/gems/devise-4.9.4/app/views/devise/registrations/new.html.erb within layouts/application
  Rendered /home/jeferson/.rbenv/versions/3.1.2/lib/ruby/gems/3.1.0/gems/devise-4.9.4/app/views/devise/shared/_error_messages.html.erb (Duration: 0.0ms | Allocations: 13)
  Rendered /home/jeferson/.rbenv/versions/3.1.2/lib/ruby/gems/3.1.0/gems/devise-4.9.4/app/views/devise/shared/_links.html.erb (Duration: 0.1ms | Allocations: 72)
  Rendered /home/jeferson/.rbenv/versions/3.1.2/lib/ruby/gems/3.1.0/gems/devise-4.9.4/app/views/devise/registrations/new.html.erb within layouts/application (Duration: 1.7ms | Allocations: 929)
  Rendered layout layouts/application.html.erb (Duration: 3.0ms | Allocations: 2162)
Completed 200 OK in 4ms (Views: 3.7ms | ActiveRecord: 0.0ms | Allocations: 2728)


Started GET "/users/sign_in" for 127.0.0.1 at 2024-10-30 09:54:15 -0500
  [1m[36mActiveRecord::SchemaMigration Load (0.1ms)[0m  [1m[34mSELECT "schema_migrations"."version" FROM "schema_migrations" ORDER BY "schema_migrations"."version" ASC[0m
Processing by Devise::SessionsController#new as HTML
  Rendering layout layouts/application.html.erb
  Rendering /home/jeferson/.rbenv/versions/3.1.2/lib/ruby/gems/3.1.0/gems/devise-4.9.4/app/views/devise/sessions/new.html.erb within layouts/application
  Rendered /home/jeferson/.rbenv/versions/3.1.2/lib/ruby/gems/3.1.0/gems/devise-4.9.4/app/views/devise/shared/_links.html.erb (Duration: 0.8ms | Allocations: 620)
  Rendered /home/jeferson/.rbenv/versions/3.1.2/lib/ruby/gems/3.1.0/gems/devise-4.9.4/app/views/devise/sessions/new.html.erb within layouts/application (Duration: 32.4ms | Allocations: 3902)
  Rendered layout layouts/application.html.erb (Duration: 1100.9ms | Allocations: 41564)
Completed 200 OK in 1280ms (Views: 1184.9ms | ActiveRecord: 1.1ms | Allocations: 55178)


Started GET "/" for 127.0.0.1 at 2024-10-30 09:58:21 -0500
  [1m[36mActiveRecord::SchemaMigration Load (0.1ms)[0m  [1m[34mSELECT "schema_migrations"."version" FROM "schema_migrations" ORDER BY "schema_migrations"."version" ASC[0m
Processing by Rails::WelcomeController#index as HTML
  Rendering /home/jeferson/.rbenv/versions/3.1.2/lib/ruby/gems/3.1.0/gems/railties-7.1.4.2/lib/rails/templates/rails/welcome/index.html.erb
  Rendered /home/jeferson/.rbenv/versions/3.1.2/lib/ruby/gems/3.1.0/gems/railties-7.1.4.2/lib/rails/templates/rails/welcome/index.html.erb (Duration: 0.9ms | Allocations: 383)
Completed 200 OK in 23ms (Views: 10.8ms | ActiveRecord: 0.0ms | Allocations: 4786)


Started GET "/" for 127.0.0.1 at 2024-10-30 09:58:27 -0500
Processing by Rails::WelcomeController#index as HTML
  Rendering /home/jeferson/.rbenv/versions/3.1.2/lib/ruby/gems/3.1.0/gems/railties-7.1.4.2/lib/rails/templates/rails/welcome/index.html.erb
  Rendered /home/jeferson/.rbenv/versions/3.1.2/lib/ruby/gems/3.1.0/gems/railties-7.1.4.2/lib/rails/templates/rails/welcome/index.html.erb (Duration: 0.1ms | Allocations: 25)
Completed 200 OK in 6ms (Views: 4.9ms | ActiveRecord: 0.0ms | Allocations: 299)


Started GET "/" for 127.0.0.1 at 2024-10-30 10:07:26 -0500
  [1m[36mActiveRecord::SchemaMigration Load (0.1ms)[0m  [1m[34mSELECT "schema_migrations"."version" FROM "schema_migrations" ORDER BY "schema_migrations"."version" ASC[0m
Processing by Rails::WelcomeController#index as HTML
  Rendering /home/jeferson/.rbenv/versions/3.1.2/lib/ruby/gems/3.1.0/gems/railties-7.1.4.2/lib/rails/templates/rails/welcome/index.html.erb
  Rendered /home/jeferson/.rbenv/versions/3.1.2/lib/ruby/gems/3.1.0/gems/railties-7.1.4.2/lib/rails/templates/rails/welcome/index.html.erb (Duration: 8.3ms | Allocations: 383)
Completed 200 OK in 19ms (Views: 12.9ms | ActiveRecord: 0.0ms | Allocations: 4786)


Started GET "/users/sign_in" for 127.0.0.1 at 2024-10-30 10:07:35 -0500
Processing by Devise::SessionsController#new as HTML
  Rendering layout layouts/application.html.erb
  Rendering /home/jeferson/.rbenv/versions/3.1.2/lib/ruby/gems/3.1.0/gems/devise-4.9.4/app/views/devise/sessions/new.html.erb within layouts/application
  Rendered /home/jeferson/.rbenv/versions/3.1.2/lib/ruby/gems/3.1.0/gems/devise-4.9.4/app/views/devise/shared/_links.html.erb (Duration: 0.5ms | Allocations: 621)
  Rendered /home/jeferson/.rbenv/versions/3.1.2/lib/ruby/gems/3.1.0/gems/devise-4.9.4/app/views/devise/sessions/new.html.erb within layouts/application (Duration: 5.8ms | Allocations: 3804)
  Rendered layout layouts/application.html.erb (Duration: 181.7ms | Allocations: 40915)
Completed 200 OK in 286ms (Views: 184.5ms | ActiveRecord: 5.3ms | Allocations: 52202)


Started GET "/" for 127.0.0.1 at 2024-10-30 10:07:47 -0500
Processing by Rails::WelcomeController#index as HTML
  Rendering /home/jeferson/.rbenv/versions/3.1.2/lib/ruby/gems/3.1.0/gems/railties-7.1.4.2/lib/rails/templates/rails/welcome/index.html.erb
  Rendered /home/jeferson/.rbenv/versions/3.1.2/lib/ruby/gems/3.1.0/gems/railties-7.1.4.2/lib/rails/templates/rails/welcome/index.html.erb (Duration: 0.1ms | Allocations: 20)
Completed 200 OK in 1ms (Views: 0.4ms | ActiveRecord: 0.0ms | Allocations: 264)


Started GET "/" for 127.0.0.1 at 2024-10-30 10:08:59 -0500
Processing by Rails::WelcomeController#index as HTML
  Rendering /home/jeferson/.rbenv/versions/3.1.2/lib/ruby/gems/3.1.0/gems/railties-7.1.4.2/lib/rails/templates/rails/welcome/index.html.erb
  Rendered /home/jeferson/.rbenv/versions/3.1.2/lib/ruby/gems/3.1.0/gems/railties-7.1.4.2/lib/rails/templates/rails/welcome/index.html.erb (Duration: 0.0ms | Allocations: 15)
Completed 200 OK in 1ms (Views: 0.4ms | ActiveRecord: 0.0ms | Allocations: 220)


Started GET "/" for 127.0.0.1 at 2024-10-30 10:09:14 -0500
Processing by Rails::WelcomeController#index as HTML
  Rendering /home/jeferson/.rbenv/versions/3.1.2/lib/ruby/gems/3.1.0/gems/railties-7.1.4.2/lib/rails/templates/rails/welcome/index.html.erb
  Rendered /home/jeferson/.rbenv/versions/3.1.2/lib/ruby/gems/3.1.0/gems/railties-7.1.4.2/lib/rails/templates/rails/welcome/index.html.erb (Duration: 0.0ms | Allocations: 15)
Completed 200 OK in 1ms (Views: 0.3ms | ActiveRecord: 0.0ms | Allocations: 220)


Started GET "/" for 127.0.0.1 at 2024-10-30 10:09:19 -0500
Processing by Rails::WelcomeController#index as HTML
  Rendering /home/jeferson/.rbenv/versions/3.1.2/lib/ruby/gems/3.1.0/gems/railties-7.1.4.2/lib/rails/templates/rails/welcome/index.html.erb
  Rendered /home/jeferson/.rbenv/versions/3.1.2/lib/ruby/gems/3.1.0/gems/railties-7.1.4.2/lib/rails/templates/rails/welcome/index.html.erb (Duration: 0.1ms | Allocations: 15)
Completed 200 OK in 1ms (Views: 0.6ms | ActiveRecord: 0.0ms | Allocations: 220)


Started GET "/users/sign_in" for 127.0.0.1 at 2024-10-30 10:10:48 -0500
  [1m[36mActiveRecord::SchemaMigration Load (0.1ms)[0m  [1m[34mSELECT "schema_migrations"."version" FROM "schema_migrations" ORDER BY "schema_migrations"."version" ASC[0m
Processing by Devise::SessionsController#new as HTML
  Rendering layout layouts/application.html.erb
  Rendering /home/jeferson/.rbenv/versions/3.1.2/lib/ruby/gems/3.1.0/gems/devise-4.9.4/app/views/devise/sessions/new.html.erb within layouts/application
  Rendered /home/jeferson/.rbenv/versions/3.1.2/lib/ruby/gems/3.1.0/gems/devise-4.9.4/app/views/devise/shared/_links.html.erb (Duration: 0.6ms | Allocations: 620)
  Rendered /home/jeferson/.rbenv/versions/3.1.2/lib/ruby/gems/3.1.0/gems/devise-4.9.4/app/views/devise/sessions/new.html.erb within layouts/application (Duration: 4.3ms | Allocations: 3886)
  Rendered layout layouts/application.html.erb (Duration: 79.3ms | Allocations: 41042)
Completed 200 OK in 166ms (Views: 91.2ms | ActiveRecord: 6.5ms | Allocations: 55817)


Started GET "/users/sign_up" for 127.0.0.1 at 2024-10-30 10:12:25 -0500
Processing by Devise::RegistrationsController#new as HTML
  Rendering layout layouts/application.html.erb
  Rendering /home/jeferson/.rbenv/versions/3.1.2/lib/ruby/gems/3.1.0/gems/devise-4.9.4/app/views/devise/registrations/new.html.erb within layouts/application
  Rendered /home/jeferson/.rbenv/versions/3.1.2/lib/ruby/gems/3.1.0/gems/devise-4.9.4/app/views/devise/shared/_error_messages.html.erb (Duration: 1.9ms | Allocations: 207)
  Rendered /home/jeferson/.rbenv/versions/3.1.2/lib/ruby/gems/3.1.0/gems/devise-4.9.4/app/views/devise/shared/_links.html.erb (Duration: 0.2ms | Allocations: 88)
  Rendered /home/jeferson/.rbenv/versions/3.1.2/lib/ruby/gems/3.1.0/gems/devise-4.9.4/app/views/devise/registrations/new.html.erb within layouts/application (Duration: 45.2ms | Allocations: 1772)
  Rendered layout layouts/application.html.erb (Duration: 51.3ms | Allocations: 3117)
Completed 200 OK in 63ms (Views: 60.2ms | ActiveRecord: 0.0ms | Allocations: 4265)


Started GET "/posts/new" for 127.0.0.1 at 2024-10-30 10:20:24 -0500
  [1m[36mActiveRecord::SchemaMigration Load (0.0ms)[0m  [1m[34mSELECT "schema_migrations"."version" FROM "schema_migrations" ORDER BY "schema_migrations"."version" ASC[0m
Processing by PostsController#new as HTML
  Rendering layout layouts/application.html.erb
  Rendering posts/new.html.erb within layouts/application
  Rendered posts/new.html.erb within layouts/application (Duration: 40.2ms | Allocations: 5938)
  Rendered layout layouts/application.html.erb (Duration: 40.5ms | Allocations: 6070)
Completed 500 Internal Server Error in 85ms (ActiveRecord: 1.2ms | Allocations: 16694)


  
ActionView::Template::Error (undefined method `posts_path' for #<ActionView::Base:0x0000000000c738>

              recipient.public_send(method, *args)
                       ^^^^^^^^^^^^
Did you mean?  posts_new_path):
    1: <h2>New Post</h2>
    2:     <hr>
    3:         <%= form_for @post do |f| %>
    4:         <%= f.label :description %>
    5:             <%= f.text_area :description %>
    6:         <br>
  
app/views/posts/new.html.erb:3
Started GET "/posts/new" for 127.0.0.1 at 2024-10-30 10:29:49 -0500
  [1m[36mActiveRecord::SchemaMigration Load (0.0ms)[0m  [1m[34mSELECT "schema_migrations"."version" FROM "schema_migrations" ORDER BY "schema_migrations"."version" ASC[0m
Processing by PostsController#new as HTML
  Rendering layout layouts/application.html.erb
  Rendering posts/new.html.erb within layouts/application
  Rendered posts/new.html.erb within layouts/application (Duration: 32.1ms | Allocations: 5879)
  Rendered layout layouts/application.html.erb (Duration: 32.5ms | Allocations: 6011)
Completed 500 Internal Server Error in 78ms (ActiveRecord: 3.3ms | Allocations: 16615)


  
ActionView::Template::Error (undefined method `posts_path' for #<ActionView::Base:0x0000000000c738>

              recipient.public_send(method, *args)
                       ^^^^^^^^^^^^
Did you mean?  posts_new_path):
    1: <h2>New Post</h2>
    2:     <hr>
    3:         <%= form_with model: @post do |f| %>
    4:         <%= f.label :description %>
    5:             <%= f.text_area :description %>
    6:         <br>
  
app/views/posts/new.html.erb:3
Started GET "/posts/new" for 127.0.0.1 at 2024-10-30 10:34:25 -0500
  [1m[36mActiveRecord::SchemaMigration Load (0.0ms)[0m  [1m[34mSELECT "schema_migrations"."version" FROM "schema_migrations" ORDER BY "schema_migrations"."version" ASC[0m
Processing by PostsController#new as HTML
  Rendering layout layouts/application.html.erb
  Rendering posts/new.html.erb within layouts/application
  Rendered posts/new.html.erb within layouts/application (Duration: 31.2ms | Allocations: 5880)
  Rendered layout layouts/application.html.erb (Duration: 31.6ms | Allocations: 6012)
Completed 500 Internal Server Error in 92ms (ActiveRecord: 1.5ms | Allocations: 16616)


  
ActionView::Template::Error (undefined method `posts_path' for #<ActionView::Base:0x0000000000c738>

              recipient.public_send(method, *args)
                       ^^^^^^^^^^^^
Did you mean?  posts_new_path):
    1: <h2>New Post</h2>
    2:     <hr>
    3:         <%= form_with model: @post do |f| %>
    4:         <%= f.label :description %>
    5:             <%= f.text_area :description %>
    6:         <br>
  
app/views/posts/new.html.erb:3
Started GET "/posts/new" for 127.0.0.1 at 2024-10-30 10:34:27 -0500
Processing by PostsController#new as HTML
  Rendering layout layouts/application.html.erb
  Rendering posts/new.html.erb within layouts/application
  Rendered posts/new.html.erb within layouts/application (Duration: 7.1ms | Allocations: 5154)
  Rendered layout layouts/application.html.erb (Duration: 7.4ms | Allocations: 5237)
Completed 500 Internal Server Error in 8ms (ActiveRecord: 0.0ms | Allocations: 5536)


  
ActionView::Template::Error (undefined method `posts_path' for #<ActionView::Base:0x0000000000cb20>

              recipient.public_send(method, *args)
                       ^^^^^^^^^^^^
Did you mean?  posts_new_path):
    1: <h2>New Post</h2>
    2:     <hr>
    3:         <%= form_with model: @post do |f| %>
    4:         <%= f.label :description %>
    5:             <%= f.text_area :description %>
    6:         <br>
  
app/views/posts/new.html.erb:3
Started GET "/posts/new" for 127.0.0.1 at 2024-10-30 10:37:53 -0500
  [1m[36mActiveRecord::SchemaMigration Load (0.1ms)[0m  [1m[34mSELECT "schema_migrations"."version" FROM "schema_migrations" ORDER BY "schema_migrations"."version" ASC[0m
Processing by PostsController#new as HTML
  Rendering layout layouts/application.html.erb
  Rendering posts/new.html.erb within layouts/application
  Rendered posts/new.html.erb within layouts/application (Duration: 46.1ms | Allocations: 5880)
  Rendered layout layouts/application.html.erb (Duration: 50.2ms | Allocations: 6012)
Completed 500 Internal Server Error in 104ms (ActiveRecord: 1.0ms | Allocations: 16616)


  
ActionView::Template::Error (undefined method `posts_path' for #<ActionView::Base:0x0000000000c738>

              recipient.public_send(method, *args)
                       ^^^^^^^^^^^^
Did you mean?  posts_new_path):
    1: <h2>New Post</h2>
    2:     <hr>
    3:         <%= form_with model: @post do |f| %>
    4:         <%= f.label :description %>
    5:             <%= f.text_area :description %>
    6:         <br>
  
app/views/posts/new.html.erb:3
Started GET "/posts/new" for 127.0.0.1 at 2024-10-30 10:37:55 -0500
Processing by PostsController#new as HTML
  Rendering layout layouts/application.html.erb
  Rendering posts/new.html.erb within layouts/application
  Rendered posts/new.html.erb within layouts/application (Duration: 23.5ms | Allocations: 5154)
  Rendered layout layouts/application.html.erb (Duration: 39.5ms | Allocations: 5242)
Completed 500 Internal Server Error in 45ms (ActiveRecord: 0.0ms | Allocations: 5541)


  
ActionView::Template::Error (undefined method `posts_path' for #<ActionView::Base:0x0000000000cb20>

              recipient.public_send(method, *args)
                       ^^^^^^^^^^^^
Did you mean?  posts_new_path):
    1: <h2>New Post</h2>
    2:     <hr>
    3:         <%= form_with model: @post do |f| %>
    4:         <%= f.label :description %>
    5:             <%= f.text_area :description %>
    6:         <br>
  
app/views/posts/new.html.erb:3
Started GET "/posts/new" for 127.0.0.1 at 2024-10-30 10:39:40 -0500
  [1m[36mActiveRecord::SchemaMigration Load (0.0ms)[0m  [1m[34mSELECT "schema_migrations"."version" FROM "schema_migrations" ORDER BY "schema_migrations"."version" ASC[0m
Processing by PostsController#new as HTML
  Rendering layout layouts/application.html.erb
  Rendering posts/new.html.erb within layouts/application
  Rendered posts/new.html.erb within layouts/application (Duration: 33.6ms | Allocations: 5880)
  Rendered layout layouts/application.html.erb (Duration: 34.3ms | Allocations: 6012)
Completed 500 Internal Server Error in 84ms (ActiveRecord: 1.2ms | Allocations: 16625)


  
ActionView::Template::Error (undefined method `posts_path' for #<ActionView::Base:0x0000000000c738>

              recipient.public_send(method, *args)
                       ^^^^^^^^^^^^
Did you mean?  posts_new_path):
    1: <h2>New Post</h2>
    2:     <hr>
    3:         <%= form_with model: @post do |f| %>
    4:         <%= f.label :description %>
    5:             <%= f.text_area :description %>
    6:         <br>
  
app/views/posts/new.html.erb:3
Started GET "/posts/new" for 127.0.0.1 at 2024-10-30 10:39:50 -0500
  [1m[36mActiveRecord::SchemaMigration Load (0.1ms)[0m  [1m[34mSELECT "schema_migrations"."version" FROM "schema_migrations" ORDER BY "schema_migrations"."version" ASC[0m
Processing by PostsController#new as HTML
  Rendering layout layouts/application.html.erb
  Rendering posts/new.html.erb within layouts/application
  Rendered posts/new.html.erb within layouts/application (Duration: 33.8ms | Allocations: 5880)
  Rendered layout layouts/application.html.erb (Duration: 34.2ms | Allocations: 6012)
Completed 500 Internal Server Error in 94ms (ActiveRecord: 1.0ms | Allocations: 16616)


  
ActionView::Template::Error (undefined method `posts_path' for #<ActionView::Base:0x0000000000c738>

              recipient.public_send(method, *args)
                       ^^^^^^^^^^^^
Did you mean?  posts_new_path):
    1: <h2>New Post</h2>
    2:     <hr>
    3:         <%= form_with model: @post do |f| %>
    4:         <%= f.label :description %>
    5:             <%= f.text_area :description %>
    6:         <br>
  
app/views/posts/new.html.erb:3
Started GET "/posts/new" for 127.0.0.1 at 2024-10-30 10:39:51 -0500
Processing by PostsController#new as HTML
  Rendering layout layouts/application.html.erb
  Rendering posts/new.html.erb within layouts/application
  Rendered posts/new.html.erb within layouts/application (Duration: 9.1ms | Allocations: 5154)
  Rendered layout layouts/application.html.erb (Duration: 10.2ms | Allocations: 5237)
Completed 500 Internal Server Error in 11ms (ActiveRecord: 0.0ms | Allocations: 5536)


  
ActionView::Template::Error (undefined method `posts_path' for #<ActionView::Base:0x0000000000cb20>

              recipient.public_send(method, *args)
                       ^^^^^^^^^^^^
Did you mean?  posts_new_path):
    1: <h2>New Post</h2>
    2:     <hr>
    3:         <%= form_with model: @post do |f| %>
    4:         <%= f.label :description %>
    5:             <%= f.text_area :description %>
    6:         <br>
  
app/views/posts/new.html.erb:3
Started GET "/posts/new" for 127.0.0.1 at 2024-10-30 10:42:21 -0500
  [1m[36mActiveRecord::SchemaMigration Load (0.0ms)[0m  [1m[34mSELECT "schema_migrations"."version" FROM "schema_migrations" ORDER BY "schema_migrations"."version" ASC[0m
Processing by PostsController#new as HTML
  Rendering layout layouts/application.html.erb
  Rendering posts/new.html.erb within layouts/application
  Rendered posts/new.html.erb within layouts/application (Duration: 48.6ms | Allocations: 5879)
  Rendered layout layouts/application.html.erb (Duration: 49.2ms | Allocations: 6011)
Completed 500 Internal Server Error in 226ms (ActiveRecord: 1.0ms | Allocations: 16615)


  
ActionView::Template::Error (undefined method `posts_path' for #<ActionView::Base:0x0000000000c738>

              recipient.public_send(method, *args)
                       ^^^^^^^^^^^^
Did you mean?  posts_new_path):
    1: <h2>New Post</h2>
    2:     <hr>
    3:         <%= form_with model: @post do |f| %>
    4:         <%= f.label :description %>
    5:             <%= f.text_area :description %>
    6:         <br>
  
app/views/posts/new.html.erb:3
Started GET "/posts/new" for 127.0.0.1 at 2024-10-30 10:42:23 -0500
Processing by PostsController#new as HTML
  Rendering layout layouts/application.html.erb
  Rendering posts/new.html.erb within layouts/application
  Rendered posts/new.html.erb within layouts/application (Duration: 5.3ms | Allocations: 5154)
  Rendered layout layouts/application.html.erb (Duration: 11.7ms | Allocations: 5237)
Completed 500 Internal Server Error in 15ms (ActiveRecord: 0.0ms | Allocations: 5536)


  
ActionView::Template::Error (undefined method `posts_path' for #<ActionView::Base:0x0000000000cb20>

              recipient.public_send(method, *args)
                       ^^^^^^^^^^^^
Did you mean?  posts_new_path):
    1: <h2>New Post</h2>
    2:     <hr>
    3:         <%= form_with model: @post do |f| %>
    4:         <%= f.label :description %>
    5:             <%= f.text_area :description %>
    6:         <br>
  
app/views/posts/new.html.erb:3
Started GET "/posts/new" for 127.0.0.1 at 2024-10-30 10:43:55 -0500
  [1m[36mActiveRecord::SchemaMigration Load (0.0ms)[0m  [1m[34mSELECT "schema_migrations"."version" FROM "schema_migrations" ORDER BY "schema_migrations"."version" ASC[0m
Processing by PostsController#new as HTML
  Rendering layout layouts/application.html.erb
  Rendering posts/new.html.erb within layouts/application
  Rendered posts/new.html.erb within layouts/application (Duration: 61.4ms | Allocations: 5871)
  Rendered layout layouts/application.html.erb (Duration: 62.7ms | Allocations: 6003)
Completed 500 Internal Server Error in 109ms (ActiveRecord: 1.1ms | Allocations: 16607)


  
ActionView::Template::Error (undefined method `posts_path' for #<ActionView::Base:0x0000000000c710>

              recipient.public_send(method, *args)
                       ^^^^^^^^^^^^
Did you mean?  posts_new_path):
    1: <h2>New Post</h2>
    2:     <hr>
    3:         <%= form_with model: @post do |f| %>
    4:         <%= f.label :description %>
    5:             <%= f.text_area :description %>
    6:         <br>
  
app/views/posts/new.html.erb:3
Started GET "/posts/new" for 127.0.0.1 at 2024-10-30 10:45:39 -0500
  [1m[36mActiveRecord::SchemaMigration Load (0.1ms)[0m  [1m[34mSELECT "schema_migrations"."version" FROM "schema_migrations" ORDER BY "schema_migrations"."version" ASC[0m
Processing by PostsController#new as HTML
  Rendering layout layouts/application.html.erb
  Rendering posts/new.html.erb within layouts/application
  Rendered posts/new.html.erb within layouts/application (Duration: 8.3ms | Allocations: 6403)
  Rendered layout layouts/application.html.erb (Duration: 8.8ms | Allocations: 6535)
Completed 500 Internal Server Error in 55ms (ActiveRecord: 1.0ms | Allocations: 21107)


  
ActionView::Template::Error (undefined method `posts_path' for #<ActionView::Base:0x0000000000c738>

              recipient.public_send(method, *args)
                       ^^^^^^^^^^^^
Did you mean?  posts_new_path):
    1: <h2>New Post</h2>
    2:     <hr>
    3:         <%= form_with model: @post do |f| %>
    4:         <%= f.label :description %>
    5:             <%= f.text_area :description %>
    6:         <br>
  
app/views/posts/new.html.erb:3
